<?xml version="1.0" encoding="UTF-8"?>
<!-- Generated by org.testng.reporters.JUnitXMLReporter -->
<testsuite hostname="seema-VirtualBox" ignored="0" name="operation tests" tests="3" failures="0" timestamp="12 Feb 2018 17:20:48 GMT" time="0.362" errors="0">
  <testcase name="addTest003" time="0.151" classname="test.java.com.unagis.container.test.AdditionTest"/>
  <testcase name="addTest01" time="0.007" classname="test.java.com.unagis.container.test.AdditionTest"/>
  <testcase name="addTest02" time="0.01" classname="test.java.com.unagis.container.test.AdditionTest"/>
</testsuite> <!-- operation tests -->
