<?xml version="1.0" encoding="UTF-8"?>
<testng-results skipped="0" failed="0" ignored="0" total="3" passed="3">
  <reporter-output>
  </reporter-output>
  <suite name="operators suite" duration-ms="362" started-at="2018-02-12T17:20:48Z" finished-at="2018-02-12T17:20:48Z">
    <groups>
    </groups>
    <test name="operation tests" duration-ms="362" started-at="2018-02-12T17:20:48Z" finished-at="2018-02-12T17:20:48Z">
      <class name="test.java.com.unagis.container.test.AdditionTest">
        <test-method status="PASS" signature="addTest003()[pri:0, instance:test.java.com.unagis.container.test.AdditionTest@4f933fd1]" name="addTest003" duration-ms="151" started-at="2018-02-12T11:20:48Z" finished-at="2018-02-12T11:20:48Z">
          <reporter-output>
          </reporter-output>
        </test-method> <!-- addTest003 -->
        <test-method status="PASS" signature="addTest01()[pri:0, instance:test.java.com.unagis.container.test.AdditionTest@4f933fd1]" name="addTest01" duration-ms="7" started-at="2018-02-12T11:20:48Z" finished-at="2018-02-12T11:20:48Z">
          <reporter-output>
          </reporter-output>
        </test-method> <!-- addTest01 -->
        <test-method status="PASS" signature="addTest02()[pri:0, instance:test.java.com.unagis.container.test.AdditionTest@4f933fd1]" name="addTest02" duration-ms="10" started-at="2018-02-12T11:20:48Z" finished-at="2018-02-12T11:20:48Z">
          <reporter-output>
          </reporter-output>
        </test-method> <!-- addTest02 -->
      </class> <!-- test.java.com.unagis.container.test.AdditionTest -->
    </test> <!-- operation tests -->
  </suite> <!-- operators suite -->
</testng-results>
