<?xml version="1.0" encoding="UTF-8"?>
<!-- Generated by org.testng.reporters.JUnitXMLReporter -->
<testsuite hostname="seema-VirtualBox" ignored="0" name="operation tests" tests="3" failures="0" timestamp="12 Feb 2018 18:23:49 GMT" time="0.06" errors="0">
  <testcase name="addTest003" time="0.019" classname="test.java.com.unagis.container.test.AdditionTest"/>
  <testcase name="addTest01" time="0.002" classname="test.java.com.unagis.container.test.AdditionTest"/>
  <testcase name="addTest02" time="0.0" classname="test.java.com.unagis.container.test.AdditionTest"/>
</testsuite> <!-- operation tests -->
